Traceback (most recent call last):
  File "/usr/local/lib/python3.10/dist-packages/jupyter_cache/executors/utils.py", line 58, in single_nb_execution
    executenb(
  File "/usr/local/lib/python3.10/dist-packages/nbclient/client.py", line 1305, in execute
    return NotebookClient(nb=nb, resources=resources, km=km, **kwargs).execute()
  File "/usr/local/lib/python3.10/dist-packages/jupyter_core/utils/__init__.py", line 173, in wrapped
    return loop.run_until_complete(inner)
  File "/usr/lib/python3.10/asyncio/base_events.py", line 649, in run_until_complete
    return future.result()
  File "/usr/local/lib/python3.10/dist-packages/nbclient/client.py", line 705, in async_execute
    await self.async_execute_cell(
  File "/usr/local/lib/python3.10/dist-packages/nbclient/client.py", line 1058, in async_execute_cell
    await self._check_raise_for_error(cell, cell_index, exec_reply)
  File "/usr/local/lib/python3.10/dist-packages/nbclient/client.py", line 914, in _check_raise_for_error
    raise CellExecutionError.from_cell_and_msg(cell, exec_reply_content)
nbclient.exceptions.CellExecutionError: An error occurred while executing the following cell:
------------------
from sklearn.cluster import KMeans

# Inisialisasi model K-means
num_clusters = 5
kmeans = KMeans(n_clusters=num_clusters, random_state=0)

# Latih model K-means dengan vektor dokumen yang sudah dibuat dengan word2vec
kmeans.fit(average_vectors)

# Dapatkan label klaster untuk setiap dokumen
labels = kmeans.predict(average_vectors)

# Sekarang 'labels' berisi nomor klaster untuk setiap dokumen

------------------


[0;31m---------------------------------------------------------------------------[0m
[0;31mNameError[0m                                 Traceback (most recent call last)
[0;32m<ipython-input-1-9aa4ba54b4e3>[0m in [0;36m<cell line: 8>[0;34m()[0m
[1;32m      6[0m [0;34m[0m[0m
[1;32m      7[0m [0;31m# Latih model K-means dengan vektor dokumen yang sudah dibuat dengan word2vec[0m[0;34m[0m[0;34m[0m[0m
[0;32m----> 8[0;31m [0mkmeans[0m[0;34m.[0m[0mfit[0m[0;34m([0m[0maverage_vectors[0m[0;34m)[0m[0;34m[0m[0;34m[0m[0m
[0m[1;32m      9[0m [0;34m[0m[0m
[1;32m     10[0m [0;31m# Dapatkan label klaster untuk setiap dokumen[0m[0;34m[0m[0;34m[0m[0m

[0;31mNameError[0m: name 'average_vectors' is not defined

